  [1m[35m (1.0ms)[0m  [1m[34mSELECT sqlite_version(*)[0m
  [1m[35m (7.4ms)[0m  [1m[35mCREATE TABLE "schema_migrations" ("version" varchar NOT NULL PRIMARY KEY)[0m
  [1m[35m (6.9ms)[0m  [1m[35mCREATE TABLE "ar_internal_metadata" ("key" varchar NOT NULL PRIMARY KEY, "value" varchar, "created_at" datetime(6) NOT NULL, "updated_at" datetime(6) NOT NULL)[0m
  [1m[35m (0.1ms)[0m  [1m[34mSELECT "schema_migrations"."version" FROM "schema_migrations" ORDER BY "schema_migrations"."version" ASC[0m
Migrating to CreateUsers (20200608142314)
  [1m[35m (0.0ms)[0m  [1m[36mbegin transaction[0m
  [1m[35m (0.2ms)[0m  [1m[35mCREATE TABLE "users" ("id" integer PRIMARY KEY AUTOINCREMENT NOT NULL, "username" varchar, "fullname" varchar, "photo" varchar, "coverimage" varchar, "created_at" datetime(6) NOT NULL, "updated_at" datetime(6) NOT NULL)[0m
  [1m[36mprimary::SchemaMigration Create (0.1ms)[0m  [1m[32mINSERT INTO "schema_migrations" ("version") VALUES (?)[0m  [["version", "20200608142314"]]
  [1m[35m (5.4ms)[0m  [1m[36mcommit transaction[0m
Migrating to CreateOpinions (20200608142410)
  [1m[35m (0.1ms)[0m  [1m[36mbegin transaction[0m
  [1m[35m (0.2ms)[0m  [1m[35mCREATE TABLE "opinions" ("id" integer PRIMARY KEY AUTOINCREMENT NOT NULL, "author_id_id" integer NOT NULL, "text" text, "created_at" datetime(6) NOT NULL, "updated_at" datetime(6) NOT NULL, CONSTRAINT "fk_rails_d4c31ef104"
FOREIGN KEY ("author_id_id")
  REFERENCES "author_ids" ("id")
)[0m
  [1m[35m (0.1ms)[0m  [1m[35mCREATE  INDEX "index_opinions_on_author_id_id" ON "opinions" ("author_id_id")[0m
  [1m[35m (0.0ms)[0m  [1m[35mPRAGMA foreign_keys[0m
  [1m[35m (0.0ms)[0m  [1m[35mPRAGMA defer_foreign_keys[0m
  [1m[35m (0.0ms)[0m  [1m[35mPRAGMA defer_foreign_keys = ON[0m
  [1m[35m (0.0ms)[0m  [1m[35mPRAGMA foreign_keys = OFF[0m
  [1m[35m (0.1ms)[0m  [1m[35mCREATE TEMPORARY TABLE "aopinions" ("id" integer NOT NULL PRIMARY KEY, "author_id_id" integer NOT NULL, "text" text DEFAULT NULL, "created_at" datetime(6) NOT NULL, "updated_at" datetime(6) NOT NULL)[0m
  [1m[35m (0.1ms)[0m  [1m[35mCREATE  INDEX "tindex_aopinions_on_author_id_id" ON "aopinions" ("author_id_id")[0m
  [1m[35m (0.4ms)[0m  [1m[32mINSERT INTO "aopinions" ("id","author_id_id","text","created_at","updated_at")
                     SELECT "id","author_id_id","text","created_at","updated_at" FROM "opinions"[0m
  [1m[35m (0.2ms)[0m  [1m[35mDROP TABLE "opinions"[0m
  [1m[35m (0.6ms)[0m  [1m[35mCREATE TABLE "opinions" ("id" integer NOT NULL PRIMARY KEY, "author_id_id" integer NOT NULL, "text" text DEFAULT NULL, "created_at" datetime(6) NOT NULL, "updated_at" datetime(6) NOT NULL, CONSTRAINT "fk_rails_d4c31ef104"
FOREIGN KEY ("author_id_id")
  REFERENCES "author_ids" ("id")
, CONSTRAINT "fk_rails_29826e2ec0"
FOREIGN KEY ("author_id")
  REFERENCES "users" ("id")
)[0m
  [1m[35m (0.1ms)[0m  [1m[35mPRAGMA defer_foreign_keys = 0[0m
  [1m[35m (0.1ms)[0m  [1m[35mPRAGMA foreign_keys = 1[0m
  [1m[35m (0.6ms)[0m  [1m[31mrollback transaction[0m
  [1m[35m (0.2ms)[0m  [1m[34mSELECT sqlite_version(*)[0m
  [1m[35m (0.1ms)[0m  [1m[34mSELECT "schema_migrations"."version" FROM "schema_migrations" ORDER BY "schema_migrations"."version" ASC[0m
Migrating to CreateOpinions (20200608144921)
  [1m[35m (0.0ms)[0m  [1m[36mbegin transaction[0m
  [1m[35m (0.2ms)[0m  [1m[35mCREATE TABLE "opinions" ("id" integer PRIMARY KEY AUTOINCREMENT NOT NULL, "author_id" integer, "text" text, "created_at" datetime(6) NOT NULL, "updated_at" datetime(6) NOT NULL)[0m
  [1m[35m (0.0ms)[0m  [1m[35mPRAGMA foreign_keys[0m
  [1m[35m (0.0ms)[0m  [1m[35mPRAGMA defer_foreign_keys[0m
  [1m[35m (0.0ms)[0m  [1m[35mPRAGMA defer_foreign_keys = ON[0m
  [1m[35m (0.0ms)[0m  [1m[35mPRAGMA foreign_keys = OFF[0m
  [1m[35m (0.1ms)[0m  [1m[35mCREATE TEMPORARY TABLE "aopinions" ("id" integer NOT NULL PRIMARY KEY, "author_id" integer DEFAULT NULL, "text" text DEFAULT NULL, "created_at" datetime(6) NOT NULL, "updated_at" datetime(6) NOT NULL)[0m
  [1m[35m (0.0ms)[0m  [1m[32mINSERT INTO "aopinions" ("id","author_id","text","created_at","updated_at")
                     SELECT "id","author_id","text","created_at","updated_at" FROM "opinions"[0m
  [1m[35m (0.2ms)[0m  [1m[35mDROP TABLE "opinions"[0m
  [1m[35m (0.3ms)[0m  [1m[35mCREATE TABLE "opinions" ("id" integer NOT NULL PRIMARY KEY, "author_id" integer DEFAULT NULL, "text" text DEFAULT NULL, "created_at" datetime(6) NOT NULL, "updated_at" datetime(6) NOT NULL, CONSTRAINT "fk_rails_29826e2ec0"
FOREIGN KEY ("author_id")
  REFERENCES "users" ("id")
)[0m
  [1m[35m (0.0ms)[0m  [1m[32mINSERT INTO "opinions" ("id","author_id","text","created_at","updated_at")
                     SELECT "id","author_id","text","created_at","updated_at" FROM "aopinions"[0m
  [1m[35m (0.1ms)[0m  [1m[35mDROP TABLE "aopinions"[0m
  [1m[35m (0.1ms)[0m  [1m[35mPRAGMA defer_foreign_keys = 0[0m
  [1m[35m (0.1ms)[0m  [1m[35mPRAGMA foreign_keys = 1[0m
  [1m[36mprimary::SchemaMigration Create (0.1ms)[0m  [1m[32mINSERT INTO "schema_migrations" ("version") VALUES (?)[0m  [["version", "20200608144921"]]
  [1m[35m (5.1ms)[0m  [1m[36mcommit transaction[0m
  [1m[36mActiveRecord::InternalMetadata Load (0.2ms)[0m  [1m[34mSELECT "ar_internal_metadata".* FROM "ar_internal_metadata" WHERE "ar_internal_metadata"."key" = ? LIMIT ?[0m  [["key", "environment"], ["LIMIT", 1]]
  [1m[35m (0.4ms)[0m  [1m[36mbegin transaction[0m
  [1m[36mActiveRecord::InternalMetadata Create (0.2ms)[0m  [1m[32mINSERT INTO "ar_internal_metadata" ("key", "value", "created_at", "updated_at") VALUES (?, ?, ?, ?)[0m  [["key", "environment"], ["value", "development"], ["created_at", "2020-06-08 14:50:30.584407"], ["updated_at", "2020-06-08 14:50:30.584407"]]
  [1m[35m (4.0ms)[0m  [1m[36mcommit transaction[0m
  [1m[35m (0.0ms)[0m  [1m[34mSELECT sqlite_version(*)[0m
  [1m[35m (0.1ms)[0m  [1m[34mSELECT "schema_migrations"."version" FROM "schema_migrations" ORDER BY "schema_migrations"."version" ASC[0m
  [1m[35m (0.2ms)[0m  [1m[34mSELECT sqlite_version(*)[0m
  [1m[35m (0.1ms)[0m  [1m[34mSELECT "schema_migrations"."version" FROM "schema_migrations" ORDER BY "schema_migrations"."version" ASC[0m
  [1m[35m (0.2ms)[0m  [1m[34mSELECT sqlite_version(*)[0m
  [1m[35m (0.1ms)[0m  [1m[34mSELECT "schema_migrations"."version" FROM "schema_migrations" ORDER BY "schema_migrations"."version" ASC[0m
  [1m[35m (0.0ms)[0m  [1m[34mSELECT sqlite_version(*)[0m
  [1m[35m (0.0ms)[0m  [1m[36mbegin transaction[0m
  [1m[36mUser Create (0.2ms)[0m  [1m[32mINSERT INTO "users" ("username", "created_at", "updated_at") VALUES (?, ?, ?)[0m  [["username", "Einstein"], ["created_at", "2020-06-08 14:51:17.899379"], ["updated_at", "2020-06-08 14:51:17.899379"]]
  [1m[35m (3.8ms)[0m  [1m[36mcommit transaction[0m
  [1m[35m (0.0ms)[0m  [1m[36mbegin transaction[0m
  [1m[36mOpinion Create (0.2ms)[0m  [1m[32mINSERT INTO "opinions" ("author_id", "text", "created_at", "updated_at") VALUES (?, ?, ?, ?)[0m  [["author_id", 1], ["text", "Hi, I am Einstein"], ["created_at", "2020-06-08 14:51:17.912910"], ["updated_at", "2020-06-08 14:51:17.912910"]]
  [1m[35m (4.1ms)[0m  [1m[36mcommit transaction[0m
  [1m[35m (0.1ms)[0m  [1m[36mbegin transaction[0m
  [1m[36mUser Create (0.3ms)[0m  [1m[32mINSERT INTO "users" ("username", "created_at", "updated_at") VALUES (?, ?, ?)[0m  [["username", "Newton"], ["created_at", "2020-06-08 14:51:17.926698"], ["updated_at", "2020-06-08 14:51:17.926698"]]
  [1m[35m (6.0ms)[0m  [1m[36mcommit transaction[0m
  [1m[35m (0.0ms)[0m  [1m[36mbegin transaction[0m
  [1m[36mOpinion Create (0.1ms)[0m  [1m[32mINSERT INTO "opinions" ("author_id", "text", "created_at", "updated_at") VALUES (?, ?, ?, ?)[0m  [["author_id", 2], ["text", "Hi, I am Newton"], ["created_at", "2020-06-08 14:51:17.936436"], ["updated_at", "2020-06-08 14:51:17.936436"]]
  [1m[35m (4.0ms)[0m  [1m[36mcommit transaction[0m
  [1m[35m (0.1ms)[0m  [1m[36mbegin transaction[0m
  [1m[36mUser Create (0.2ms)[0m  [1m[32mINSERT INTO "users" ("username", "created_at", "updated_at") VALUES (?, ?, ?)[0m  [["username", "Tesla"], ["created_at", "2020-06-08 14:51:17.943638"], ["updated_at", "2020-06-08 14:51:17.943638"]]
  [1m[35m (5.9ms)[0m  [1m[36mcommit transaction[0m
  [1m[35m (0.0ms)[0m  [1m[36mbegin transaction[0m
  [1m[36mOpinion Create (0.1ms)[0m  [1m[32mINSERT INTO "opinions" ("author_id", "text", "created_at", "updated_at") VALUES (?, ?, ?, ?)[0m  [["author_id", 3], ["text", "Hi, I am Tesla"], ["created_at", "2020-06-08 14:51:17.952828"], ["updated_at", "2020-06-08 14:51:17.952828"]]
  [1m[35m (4.2ms)[0m  [1m[36mcommit transaction[0m
  [1m[35m (0.1ms)[0m  [1m[36mbegin transaction[0m
  [1m[36mUser Create (0.2ms)[0m  [1m[32mINSERT INTO "users" ("username", "created_at", "updated_at") VALUES (?, ?, ?)[0m  [["username", "Edison"], ["created_at", "2020-06-08 14:51:17.959895"], ["updated_at", "2020-06-08 14:51:17.959895"]]
  [1m[35m (3.9ms)[0m  [1m[36mcommit transaction[0m
  [1m[35m (0.0ms)[0m  [1m[36mbegin transaction[0m
  [1m[36mOpinion Create (0.1ms)[0m  [1m[32mINSERT INTO "opinions" ("author_id", "text", "created_at", "updated_at") VALUES (?, ?, ?, ?)[0m  [["author_id", 4], ["text", "Hi, I am Edison"], ["created_at", "2020-06-08 14:51:17.967078"], ["updated_at", "2020-06-08 14:51:17.967078"]]
  [1m[35m (4.1ms)[0m  [1m[36mcommit transaction[0m
  [1m[35m (0.1ms)[0m  [1m[36mbegin transaction[0m
  [1m[36mUser Create (0.2ms)[0m  [1m[32mINSERT INTO "users" ("username", "created_at", "updated_at") VALUES (?, ?, ?)[0m  [["username", "Mendeleyev"], ["created_at", "2020-06-08 14:51:17.974412"], ["updated_at", "2020-06-08 14:51:17.974412"]]
  [1m[35m (5.8ms)[0m  [1m[36mcommit transaction[0m
  [1m[35m (0.0ms)[0m  [1m[36mbegin transaction[0m
  [1m[36mOpinion Create (0.2ms)[0m  [1m[32mINSERT INTO "opinions" ("author_id", "text", "created_at", "updated_at") VALUES (?, ?, ?, ?)[0m  [["author_id", 5], ["text", "Hi, I am Mendeleyev"], ["created_at", "2020-06-08 14:51:17.983556"], ["updated_at", "2020-06-08 14:51:17.983556"]]
  [1m[35m (4.2ms)[0m  [1m[36mcommit transaction[0m
  [1m[35m (0.4ms)[0m  [1m[34mSELECT sqlite_version(*)[0m
  [1m[36mUser Load (0.2ms)[0m  [1m[34mSELECT "users".* FROM "users" LIMIT ?[0m  [["LIMIT", 11]]
  [1m[35m (0.4ms)[0m  [1m[34mSELECT "users"."username" FROM "users"[0m
  [1m[35m (0.1ms)[0m  [1m[34mSELECT "opinions"."text" FROM "opinions"[0m
  [1m[35m (0.2ms)[0m  [1m[34mSELECT sqlite_version(*)[0m
  [1m[35m (0.1ms)[0m  [1m[34mSELECT "schema_migrations"."version" FROM "schema_migrations" ORDER BY "schema_migrations"."version" ASC[0m
Migrating to CreateFollowings (20200608145453)
  [1m[35m (0.0ms)[0m  [1m[36mbegin transaction[0m
  [1m[35m (0.2ms)[0m  [1m[35mCREATE TABLE "followings" ("id" integer PRIMARY KEY AUTOINCREMENT NOT NULL, "follower_id" integer, "followed_id" integer, "created_at" datetime(6) NOT NULL, "updated_at" datetime(6) NOT NULL)[0m
  [1m[35m (0.0ms)[0m  [1m[35mPRAGMA foreign_keys[0m
  [1m[35m (0.0ms)[0m  [1m[35mPRAGMA defer_foreign_keys[0m
  [1m[35m (0.0ms)[0m  [1m[35mPRAGMA defer_foreign_keys = ON[0m
  [1m[35m (0.0ms)[0m  [1m[35mPRAGMA foreign_keys = OFF[0m
  [1m[35m (0.1ms)[0m  [1m[35mCREATE TEMPORARY TABLE "afollowings" ("id" integer NOT NULL PRIMARY KEY, "follower_id" integer DEFAULT NULL, "followed_id" integer DEFAULT NULL, "created_at" datetime(6) NOT NULL, "updated_at" datetime(6) NOT NULL)[0m
  [1m[35m (0.1ms)[0m  [1m[32mINSERT INTO "afollowings" ("id","follower_id","followed_id","created_at","updated_at")
                     SELECT "id","follower_id","followed_id","created_at","updated_at" FROM "followings"[0m
  [1m[35m (0.2ms)[0m  [1m[35mDROP TABLE "followings"[0m
  [1m[35m (0.2ms)[0m  [1m[35mCREATE TABLE "followings" ("id" integer NOT NULL PRIMARY KEY, "follower_id" integer DEFAULT NULL, "followed_id" integer DEFAULT NULL, "created_at" datetime(6) NOT NULL, "updated_at" datetime(6) NOT NULL, CONSTRAINT "fk_rails_1668ccdb36"
FOREIGN KEY ("follower_id")
  REFERENCES "users" ("id")
)[0m
  [1m[35m (0.1ms)[0m  [1m[32mINSERT INTO "followings" ("id","follower_id","followed_id","created_at","updated_at")
                     SELECT "id","follower_id","followed_id","created_at","updated_at" FROM "afollowings"[0m
  [1m[35m (0.1ms)[0m  [1m[35mDROP TABLE "afollowings"[0m
  [1m[35m (0.4ms)[0m  [1m[35mPRAGMA defer_foreign_keys = 0[0m
  [1m[35m (0.1ms)[0m  [1m[35mPRAGMA foreign_keys = 1[0m
  [1m[35m (0.0ms)[0m  [1m[35mPRAGMA foreign_keys[0m
  [1m[35m (0.0ms)[0m  [1m[35mPRAGMA defer_foreign_keys[0m
  [1m[35m (0.0ms)[0m  [1m[35mPRAGMA defer_foreign_keys = ON[0m
  [1m[35m (0.0ms)[0m  [1m[35mPRAGMA foreign_keys = OFF[0m
  [1m[35m (0.1ms)[0m  [1m[35mCREATE TEMPORARY TABLE "afollowings" ("id" integer NOT NULL PRIMARY KEY, "follower_id" integer DEFAULT NULL, "followed_id" integer DEFAULT NULL, "created_at" datetime(6) NOT NULL, "updated_at" datetime(6) NOT NULL)[0m
  [1m[35m (0.0ms)[0m  [1m[32mINSERT INTO "afollowings" ("id","follower_id","followed_id","created_at","updated_at")
                     SELECT "id","follower_id","followed_id","created_at","updated_at" FROM "followings"[0m
  [1m[35m (0.1ms)[0m  [1m[35mDROP TABLE "followings"[0m
  [1m[35m (0.1ms)[0m  [1m[35mCREATE TABLE "followings" ("id" integer NOT NULL PRIMARY KEY, "follower_id" integer DEFAULT NULL, "followed_id" integer DEFAULT NULL, "created_at" datetime(6) NOT NULL, "updated_at" datetime(6) NOT NULL, CONSTRAINT "fk_rails_1668ccdb36"
FOREIGN KEY ("follower_id")
  REFERENCES "users" ("id")
, CONSTRAINT "fk_rails_a56ad8ead3"
FOREIGN KEY ("followed_id")
  REFERENCES "users" ("id")
)[0m
  [1m[35m (0.0ms)[0m  [1m[32mINSERT INTO "followings" ("id","follower_id","followed_id","created_at","updated_at")
                     SELECT "id","follower_id","followed_id","created_at","updated_at" FROM "afollowings"[0m
  [1m[35m (0.1ms)[0m  [1m[35mDROP TABLE "afollowings"[0m
  [1m[35m (0.0ms)[0m  [1m[35mPRAGMA defer_foreign_keys = 0[0m
  [1m[35m (0.0ms)[0m  [1m[35mPRAGMA foreign_keys = 1[0m
  [1m[36mprimary::SchemaMigration Create (0.1ms)[0m  [1m[32mINSERT INTO "schema_migrations" ("version") VALUES (?)[0m  [["version", "20200608145453"]]
  [1m[35m (5.0ms)[0m  [1m[36mcommit transaction[0m
  [1m[36mActiveRecord::InternalMetadata Load (0.2ms)[0m  [1m[34mSELECT "ar_internal_metadata".* FROM "ar_internal_metadata" WHERE "ar_internal_metadata"."key" = ? LIMIT ?[0m  [["key", "environment"], ["LIMIT", 1]]
  [1m[35m (0.0ms)[0m  [1m[34mSELECT sqlite_version(*)[0m
  [1m[35m (0.1ms)[0m  [1m[34mSELECT "schema_migrations"."version" FROM "schema_migrations" ORDER BY "schema_migrations"."version" ASC[0m
  [1m[35m (0.2ms)[0m  [1m[34mSELECT sqlite_version(*)[0m
  [1m[35m (0.1ms)[0m  [1m[34mSELECT "schema_migrations"."version" FROM "schema_migrations" ORDER BY "schema_migrations"."version" ASC[0m
  [1m[35m (0.0ms)[0m  [1m[34mSELECT sqlite_version(*)[0m
  [1m[35m (0.0ms)[0m  [1m[36mbegin transaction[0m
  [1m[36mUser Create (0.2ms)[0m  [1m[32mINSERT INTO "users" ("username", "created_at", "updated_at") VALUES (?, ?, ?)[0m  [["username", "Einstein"], ["created_at", "2020-06-08 14:58:40.198437"], ["updated_at", "2020-06-08 14:58:40.198437"]]
  [1m[35m (4.4ms)[0m  [1m[36mcommit transaction[0m
  [1m[35m (0.1ms)[0m  [1m[36mbegin transaction[0m
  [1m[36mOpinion Create (0.2ms)[0m  [1m[32mINSERT INTO "opinions" ("author_id", "text", "created_at", "updated_at") VALUES (?, ?, ?, ?)[0m  [["author_id", 6], ["text", "Hi, I am Einstein"], ["created_at", "2020-06-08 14:58:40.213551"], ["updated_at", "2020-06-08 14:58:40.213551"]]
  [1m[35m (5.0ms)[0m  [1m[36mcommit transaction[0m
  [1m[35m (0.1ms)[0m  [1m[36mbegin transaction[0m
  [1m[36mUser Create (0.2ms)[0m  [1m[32mINSERT INTO "users" ("username", "created_at", "updated_at") VALUES (?, ?, ?)[0m  [["username", "Newton"], ["created_at", "2020-06-08 14:58:40.227063"], ["updated_at", "2020-06-08 14:58:40.227063"]]
  [1m[35m (4.0ms)[0m  [1m[36mcommit transaction[0m
  [1m[35m (0.0ms)[0m  [1m[36mbegin transaction[0m
  [1m[36mOpinion Create (0.1ms)[0m  [1m[32mINSERT INTO "opinions" ("author_id", "text", "created_at", "updated_at") VALUES (?, ?, ?, ?)[0m  [["author_id", 7], ["text", "Hi, I am Newton"], ["created_at", "2020-06-08 14:58:40.234442"], ["updated_at", "2020-06-08 14:58:40.234442"]]
  [1m[35m (4.1ms)[0m  [1m[36mcommit transaction[0m
  [1m[35m (0.1ms)[0m  [1m[36mbegin transaction[0m
  [1m[36mUser Create (0.2ms)[0m  [1m[32mINSERT INTO "users" ("username", "created_at", "updated_at") VALUES (?, ?, ?)[0m  [["username", "Tesla"], ["created_at", "2020-06-08 14:58:40.242672"], ["updated_at", "2020-06-08 14:58:40.242672"]]
  [1m[35m (5.6ms)[0m  [1m[36mcommit transaction[0m
  [1m[35m (0.0ms)[0m  [1m[36mbegin transaction[0m
  [1m[36mOpinion Create (0.1ms)[0m  [1m[32mINSERT INTO "opinions" ("author_id", "text", "created_at", "updated_at") VALUES (?, ?, ?, ?)[0m  [["author_id", 8], ["text", "Hi, I am Tesla"], ["created_at", "2020-06-08 14:58:40.251590"], ["updated_at", "2020-06-08 14:58:40.251590"]]
  [1m[35m (6.4ms)[0m  [1m[36mcommit transaction[0m
  [1m[35m (0.0ms)[0m  [1m[36mbegin transaction[0m
  [1m[36mUser Create (0.2ms)[0m  [1m[32mINSERT INTO "users" ("username", "created_at", "updated_at") VALUES (?, ?, ?)[0m  [["username", "Edison"], ["created_at", "2020-06-08 14:58:40.261024"], ["updated_at", "2020-06-08 14:58:40.261024"]]
  [1m[35m (3.7ms)[0m  [1m[36mcommit transaction[0m
  [1m[35m (0.0ms)[0m  [1m[36mbegin transaction[0m
  [1m[36mOpinion Create (0.1ms)[0m  [1m[32mINSERT INTO "opinions" ("author_id", "text", "created_at", "updated_at") VALUES (?, ?, ?, ?)[0m  [["author_id", 9], ["text", "Hi, I am Edison"], ["created_at", "2020-06-08 14:58:40.267832"], ["updated_at", "2020-06-08 14:58:40.267832"]]
  [1m[35m (4.2ms)[0m  [1m[36mcommit transaction[0m
  [1m[35m (0.1ms)[0m  [1m[36mbegin transaction[0m
  [1m[36mUser Create (0.2ms)[0m  [1m[32mINSERT INTO "users" ("username", "created_at", "updated_at") VALUES (?, ?, ?)[0m  [["username", "Mendeleyev"], ["created_at", "2020-06-08 14:58:40.275379"], ["updated_at", "2020-06-08 14:58:40.275379"]]
  [1m[35m (3.6ms)[0m  [1m[36mcommit transaction[0m
  [1m[35m (0.0ms)[0m  [1m[36mbegin transaction[0m
  [1m[36mOpinion Create (0.1ms)[0m  [1m[32mINSERT INTO "opinions" ("author_id", "text", "created_at", "updated_at") VALUES (?, ?, ?, ?)[0m  [["author_id", 10], ["text", "Hi, I am Mendeleyev"], ["created_at", "2020-06-08 14:58:40.282443"], ["updated_at", "2020-06-08 14:58:40.282443"]]
  [1m[35m (3.9ms)[0m  [1m[36mcommit transaction[0m
  [1m[35m (0.2ms)[0m  [1m[34mSELECT sqlite_version(*)[0m
  [1m[36mFollowing Load (0.3ms)[0m  [1m[34mSELECT "followings".* FROM "followings" LIMIT ?[0m  [["LIMIT", 11]]
  [1m[35m (0.2ms)[0m  [1m[34mSELECT sqlite_version(*)[0m
  [1m[36mFollowing Load (0.1ms)[0m  [1m[34mSELECT "followings".* FROM "followings" LIMIT ?[0m  [["LIMIT", 11]]
  [1m[35m (0.2ms)[0m  [1m[34mSELECT sqlite_version(*)[0m
  [1m[35m (0.1ms)[0m  [1m[34mSELECT "schema_migrations"."version" FROM "schema_migrations" ORDER BY "schema_migrations"."version" ASC[0m
  [1m[35m (0.0ms)[0m  [1m[34mSELECT sqlite_version(*)[0m
  [1m[35m (0.0ms)[0m  [1m[36mbegin transaction[0m
  [1m[36mUser Create (0.2ms)[0m  [1m[32mINSERT INTO "users" ("username", "created_at", "updated_at") VALUES (?, ?, ?)[0m  [["username", "Einstein"], ["created_at", "2020-06-08 14:59:26.122290"], ["updated_at", "2020-06-08 14:59:26.122290"]]
  [1m[35m (4.3ms)[0m  [1m[36mcommit transaction[0m
  [1m[35m (0.1ms)[0m  [1m[36mbegin transaction[0m
  [1m[36mOpinion Create (0.2ms)[0m  [1m[32mINSERT INTO "opinions" ("author_id", "text", "created_at", "updated_at") VALUES (?, ?, ?, ?)[0m  [["author_id", 11], ["text", "Hi, I am Einstein"], ["created_at", "2020-06-08 14:59:26.134934"], ["updated_at", "2020-06-08 14:59:26.134934"]]
  [1m[35m (4.2ms)[0m  [1m[36mcommit transaction[0m
  [1m[35m (0.0ms)[0m  [1m[36mbegin transaction[0m
  [1m[36mUser Create (0.1ms)[0m  [1m[32mINSERT INTO "users" ("username", "created_at", "updated_at") VALUES (?, ?, ?)[0m  [["username", "Newton"], ["created_at", "2020-06-08 14:59:26.149525"], ["updated_at", "2020-06-08 14:59:26.149525"]]
  [1m[35m (3.9ms)[0m  [1m[36mcommit transaction[0m
  [1m[35m (0.0ms)[0m  [1m[36mbegin transaction[0m
  [1m[36mOpinion Create (0.1ms)[0m  [1m[32mINSERT INTO "opinions" ("author_id", "text", "created_at", "updated_at") VALUES (?, ?, ?, ?)[0m  [["author_id", 12], ["text", "Hi, I am Newton"], ["created_at", "2020-06-08 14:59:26.156066"], ["updated_at", "2020-06-08 14:59:26.156066"]]
  [1m[35m (5.2ms)[0m  [1m[36mcommit transaction[0m
  [1m[35m (0.0ms)[0m  [1m[36mbegin transaction[0m
  [1m[36mUser Create (0.2ms)[0m  [1m[32mINSERT INTO "users" ("username", "created_at", "updated_at") VALUES (?, ?, ?)[0m  [["username", "Tesla"], ["created_at", "2020-06-08 14:59:26.163813"], ["updated_at", "2020-06-08 14:59:26.163813"]]
  [1m[35m (5.3ms)[0m  [1m[36mcommit transaction[0m
  [1m[35m (0.0ms)[0m  [1m[36mbegin transaction[0m
  [1m[36mOpinion Create (0.1ms)[0m  [1m[32mINSERT INTO "opinions" ("author_id", "text", "created_at", "updated_at") VALUES (?, ?, ?, ?)[0m  [["author_id", 13], ["text", "Hi, I am Tesla"], ["created_at", "2020-06-08 14:59:26.171848"], ["updated_at", "2020-06-08 14:59:26.171848"]]
  [1m[35m (3.6ms)[0m  [1m[36mcommit transaction[0m
  [1m[35m (0.0ms)[0m  [1m[36mbegin transaction[0m
  [1m[36mUser Create (0.1ms)[0m  [1m[32mINSERT INTO "users" ("username", "created_at", "updated_at") VALUES (?, ?, ?)[0m  [["username", "Edison"], ["created_at", "2020-06-08 14:59:26.178048"], ["updated_at", "2020-06-08 14:59:26.178048"]]
  [1m[35m (4.1ms)[0m  [1m[36mcommit transaction[0m
  [1m[35m (0.1ms)[0m  [1m[36mbegin transaction[0m
  [1m[36mOpinion Create (0.5ms)[0m  [1m[32mINSERT INTO "opinions" ("author_id", "text", "created_at", "updated_at") VALUES (?, ?, ?, ?)[0m  [["author_id", 14], ["text", "Hi, I am Edison"], ["created_at", "2020-06-08 14:59:26.185196"], ["updated_at", "2020-06-08 14:59:26.185196"]]
  [1m[35m (3.7ms)[0m  [1m[36mcommit transaction[0m
  [1m[35m (0.0ms)[0m  [1m[36mbegin transaction[0m
  [1m[36mUser Create (0.1ms)[0m  [1m[32mINSERT INTO "users" ("username", "created_at", "updated_at") VALUES (?, ?, ?)[0m  [["username", "Mendeleyev"], ["created_at", "2020-06-08 14:59:26.193253"], ["updated_at", "2020-06-08 14:59:26.193253"]]
  [1m[35m (4.0ms)[0m  [1m[36mcommit transaction[0m
  [1m[35m (0.1ms)[0m  [1m[36mbegin transaction[0m
  [1m[36mOpinion Create (0.2ms)[0m  [1m[32mINSERT INTO "opinions" ("author_id", "text", "created_at", "updated_at") VALUES (?, ?, ?, ?)[0m  [["author_id", 15], ["text", "Hi, I am Mendeleyev"], ["created_at", "2020-06-08 14:59:26.200766"], ["updated_at", "2020-06-08 14:59:26.200766"]]
  [1m[35m (3.9ms)[0m  [1m[36mcommit transaction[0m
  [1m[35m (0.0ms)[0m  [1m[36mbegin transaction[0m
  [1m[36mFollowing Create (0.7ms)[0m  [1m[32mINSERT INTO "followings" ("follower_id", "followed_id", "created_at", "updated_at") VALUES (?, ?, ?, ?)[0m  [["follower_id", 1], ["followed_id", 1], ["created_at", "2020-06-08 14:59:26.212719"], ["updated_at", "2020-06-08 14:59:26.212719"]]
  [1m[35m (4.1ms)[0m  [1m[36mcommit transaction[0m
  [1m[35m (0.0ms)[0m  [1m[36mbegin transaction[0m
  [1m[36mFollowing Create (0.2ms)[0m  [1m[32mINSERT INTO "followings" ("follower_id", "followed_id", "created_at", "updated_at") VALUES (?, ?, ?, ?)[0m  [["follower_id", 1], ["followed_id", 2], ["created_at", "2020-06-08 14:59:26.221652"], ["updated_at", "2020-06-08 14:59:26.221652"]]
  [1m[35m (3.6ms)[0m  [1m[36mcommit transaction[0m
  [1m[35m (0.0ms)[0m  [1m[36mbegin transaction[0m
  [1m[36mFollowing Create (0.4ms)[0m  [1m[32mINSERT INTO "followings" ("follower_id", "followed_id", "created_at", "updated_at") VALUES (?, ?, ?, ?)[0m  [["follower_id", 1], ["followed_id", 3], ["created_at", "2020-06-08 14:59:26.229031"], ["updated_at", "2020-06-08 14:59:26.229031"]]
  [1m[35m (5.9ms)[0m  [1m[36mcommit transaction[0m
  [1m[35m (0.1ms)[0m  [1m[36mbegin transaction[0m
  [1m[36mFollowing Create (0.1ms)[0m  [1m[32mINSERT INTO "followings" ("follower_id", "followed_id", "created_at", "updated_at") VALUES (?, ?, ?, ?)[0m  [["follower_id", 1], ["followed_id", 4], ["created_at", "2020-06-08 14:59:26.240179"], ["updated_at", "2020-06-08 14:59:26.240179"]]
  [1m[35m (3.7ms)[0m  [1m[36mcommit transaction[0m
  [1m[35m (0.2ms)[0m  [1m[34mSELECT sqlite_version(*)[0m
  [1m[36mFollowing Load (0.3ms)[0m  [1m[34mSELECT "followings".* FROM "followings" LIMIT ?[0m  [["LIMIT", 11]]
  [1m[35m (0.1ms)[0m  [1m[34mSELECT "followings"."follower_id", "followings"."followed_id" FROM "followings"[0m
  [1m[35m (0.2ms)[0m  [1m[34mSELECT sqlite_version(*)[0m
  [1m[35m (0.1ms)[0m  [1m[34mSELECT "schema_migrations"."version" FROM "schema_migrations" ORDER BY "schema_migrations"."version" ASC[0m
  [1m[35m (0.1ms)[0m  [1m[34mSELECT "ar_internal_metadata"."value" FROM "ar_internal_metadata" WHERE "ar_internal_metadata"."key" = ?[0m  [["key", "environment"]]
  [1m[35m (0.0ms)[0m  [1m[34mSELECT "schema_migrations"."version" FROM "schema_migrations" ORDER BY "schema_migrations"."version" ASC[0m
  [1m[35m (0.0ms)[0m  [1m[34mSELECT "ar_internal_metadata"."value" FROM "ar_internal_metadata" WHERE "ar_internal_metadata"."key" = ?[0m  [["key", "environment"]]
  [1m[35m (0.0ms)[0m  [1m[34mSELECT "schema_migrations"."version" FROM "schema_migrations" ORDER BY "schema_migrations"."version" ASC[0m
  [1m[35m (0.0ms)[0m  [1m[34mSELECT "ar_internal_metadata"."value" FROM "ar_internal_metadata" WHERE "ar_internal_metadata"."key" = ?[0m  [["key", "environment"]]
  [1m[35m (0.0ms)[0m  [1m[34mSELECT sqlite_version(*)[0m
  [1m[35m (0.1ms)[0m  [1m[34mSELECT sqlite_version(*)[0m
  [1m[35m (0.0ms)[0m  [1m[34mSELECT sqlite_version(*)[0m
  [1m[35m (0.1ms)[0m  [1m[35mDROP TABLE IF EXISTS "followings"[0m
  [1m[35m (6.5ms)[0m  [1m[35mCREATE TABLE "followings" ("id" integer PRIMARY KEY AUTOINCREMENT NOT NULL, "follower_id" integer, "followed_id" integer, "created_at" datetime(6) NOT NULL, "updated_at" datetime(6) NOT NULL)[0m
  [1m[35m (0.3ms)[0m  [1m[35mDROP TABLE IF EXISTS "opinions"[0m
  [1m[35m (6.5ms)[0m  [1m[35mCREATE TABLE "opinions" ("id" integer PRIMARY KEY AUTOINCREMENT NOT NULL, "author_id" integer, "text" text, "created_at" datetime(6) NOT NULL, "updated_at" datetime(6) NOT NULL)[0m
  [1m[35m (0.1ms)[0m  [1m[35mDROP TABLE IF EXISTS "users"[0m
  [1m[35m (5.1ms)[0m  [1m[35mCREATE TABLE "users" ("id" integer PRIMARY KEY AUTOINCREMENT NOT NULL, "username" varchar, "fullname" varchar, "photo" varchar, "coverimage" varchar, "created_at" datetime(6) NOT NULL, "updated_at" datetime(6) NOT NULL)[0m
  [1m[35m (0.0ms)[0m  [1m[36mbegin transaction[0m
  [1m[35m (0.0ms)[0m  [1m[35mPRAGMA foreign_keys[0m
  [1m[35m (0.0ms)[0m  [1m[35mPRAGMA defer_foreign_keys[0m
  [1m[35m (0.0ms)[0m  [1m[35mPRAGMA defer_foreign_keys = ON[0m
  [1m[35m (0.0ms)[0m  [1m[35mPRAGMA foreign_keys = OFF[0m
  [1m[35m (0.1ms)[0m  [1m[35mCREATE TEMPORARY TABLE "afollowings" ("id" integer NOT NULL PRIMARY KEY, "follower_id" integer DEFAULT NULL, "followed_id" integer DEFAULT NULL, "created_at" datetime(6) NOT NULL, "updated_at" datetime(6) NOT NULL)[0m
  [1m[35m (0.1ms)[0m  [1m[32mINSERT INTO "afollowings" ("id","follower_id","followed_id","created_at","updated_at")
                     SELECT "id","follower_id","followed_id","created_at","updated_at" FROM "followings"[0m
  [1m[35m (0.1ms)[0m  [1m[35mDROP TABLE "followings"[0m
  [1m[35m (0.1ms)[0m  [1m[35mCREATE TABLE "followings" ("id" integer NOT NULL PRIMARY KEY, "follower_id" integer DEFAULT NULL, "followed_id" integer DEFAULT NULL, "created_at" datetime(6) NOT NULL, "updated_at" datetime(6) NOT NULL, CONSTRAINT "fk_rails_a56ad8ead3"
FOREIGN KEY ("followed_id")
  REFERENCES "users" ("id")
)[0m
  [1m[35m (0.1ms)[0m  [1m[32mINSERT INTO "followings" ("id","follower_id","followed_id","created_at","updated_at")
                     SELECT "id","follower_id","followed_id","created_at","updated_at" FROM "afollowings"[0m
  [1m[35m (0.1ms)[0m  [1m[35mDROP TABLE "afollowings"[0m
  [1m[35m (0.0ms)[0m  [1m[35mPRAGMA defer_foreign_keys = 0[0m
  [1m[35m (0.0ms)[0m  [1m[35mPRAGMA foreign_keys = 1[0m
  [1m[35m (4.3ms)[0m  [1m[36mcommit transaction[0m
  [1m[35m (0.0ms)[0m  [1m[36mbegin transaction[0m
  [1m[35m (0.0ms)[0m  [1m[35mPRAGMA foreign_keys[0m
  [1m[35m (0.0ms)[0m  [1m[35mPRAGMA defer_foreign_keys[0m
  [1m[35m (0.0ms)[0m  [1m[35mPRAGMA defer_foreign_keys = ON[0m
  [1m[35m (0.0ms)[0m  [1m[35mPRAGMA foreign_keys = OFF[0m
  [1m[35m (0.1ms)[0m  [1m[35mCREATE TEMPORARY TABLE "afollowings" ("id" integer NOT NULL PRIMARY KEY, "follower_id" integer DEFAULT NULL, "followed_id" integer DEFAULT NULL, "created_at" datetime(6) NOT NULL, "updated_at" datetime(6) NOT NULL)[0m
  [1m[35m (0.0ms)[0m  [1m[32mINSERT INTO "afollowings" ("id","follower_id","followed_id","created_at","updated_at")
                     SELECT "id","follower_id","followed_id","created_at","updated_at" FROM "followings"[0m
  [1m[35m (0.1ms)[0m  [1m[35mDROP TABLE "followings"[0m
  [1m[35m (0.1ms)[0m  [1m[35mCREATE TABLE "followings" ("id" integer NOT NULL PRIMARY KEY, "follower_id" integer DEFAULT NULL, "followed_id" integer DEFAULT NULL, "created_at" datetime(6) NOT NULL, "updated_at" datetime(6) NOT NULL, CONSTRAINT "fk_rails_a56ad8ead3"
FOREIGN KEY ("followed_id")
  REFERENCES "users" ("id")
, CONSTRAINT "fk_rails_1668ccdb36"
FOREIGN KEY ("follower_id")
  REFERENCES "users" ("id")
)[0m
  [1m[35m (0.0ms)[0m  [1m[32mINSERT INTO "followings" ("id","follower_id","followed_id","created_at","updated_at")
                     SELECT "id","follower_id","followed_id","created_at","updated_at" FROM "afollowings"[0m
  [1m[35m (0.2ms)[0m  [1m[35mDROP TABLE "afollowings"[0m
  [1m[35m (0.1ms)[0m  [1m[35mPRAGMA defer_foreign_keys = 0[0m
  [1m[35m (0.1ms)[0m  [1m[35mPRAGMA foreign_keys = 1[0m
  [1m[35m (4.2ms)[0m  [1m[36mcommit transaction[0m
  [1m[35m (0.0ms)[0m  [1m[36mbegin transaction[0m
  [1m[35m (0.0ms)[0m  [1m[35mPRAGMA foreign_keys[0m
  [1m[35m (0.0ms)[0m  [1m[35mPRAGMA defer_foreign_keys[0m
  [1m[35m (0.0ms)[0m  [1m[35mPRAGMA defer_foreign_keys = ON[0m
  [1m[35m (0.0ms)[0m  [1m[35mPRAGMA foreign_keys = OFF[0m
  [1m[35m (0.1ms)[0m  [1m[35mCREATE TEMPORARY TABLE "aopinions" ("id" integer NOT NULL PRIMARY KEY, "author_id" integer DEFAULT NULL, "text" text DEFAULT NULL, "created_at" datetime(6) NOT NULL, "updated_at" datetime(6) NOT NULL)[0m
  [1m[35m (0.1ms)[0m  [1m[32mINSERT INTO "aopinions" ("id","author_id","text","created_at","updated_at")
                     SELECT "id","author_id","text","created_at","updated_at" FROM "opinions"[0m
  [1m[35m (0.2ms)[0m  [1m[35mDROP TABLE "opinions"[0m
  [1m[35m (0.1ms)[0m  [1m[35mCREATE TABLE "opinions" ("id" integer NOT NULL PRIMARY KEY, "author_id" integer DEFAULT NULL, "text" text DEFAULT NULL, "created_at" datetime(6) NOT NULL, "updated_at" datetime(6) NOT NULL, CONSTRAINT "fk_rails_29826e2ec0"
FOREIGN KEY ("author_id")
  REFERENCES "users" ("id")
)[0m
  [1m[35m (0.1ms)[0m  [1m[32mINSERT INTO "opinions" ("id","author_id","text","created_at","updated_at")
                     SELECT "id","author_id","text","created_at","updated_at" FROM "aopinions"[0m
  [1m[35m (0.4ms)[0m  [1m[35mDROP TABLE "aopinions"[0m
  [1m[35m (0.1ms)[0m  [1m[35mPRAGMA defer_foreign_keys = 0[0m
  [1m[35m (0.0ms)[0m  [1m[35mPRAGMA foreign_keys = 1[0m
  [1m[35m (4.4ms)[0m  [1m[36mcommit transaction[0m
  [1m[35m (4.7ms)[0m  [1m[35mCREATE TABLE "schema_migrations" ("version" varchar NOT NULL PRIMARY KEY)[0m
  [1m[35m (0.1ms)[0m  [1m[34mSELECT "schema_migrations"."version" FROM "schema_migrations" ORDER BY "schema_migrations"."version" ASC[0m
  [1m[35m (5.6ms)[0m  [1m[32mINSERT INTO "schema_migrations" (version) VALUES (20200608145453)[0m
  [1m[35m (5.8ms)[0m  [1m[32mINSERT INTO "schema_migrations" (version) VALUES
(20200608142314),
(20200608144921);

[0m
  [1m[35m (4.7ms)[0m  [1m[35mCREATE TABLE "ar_internal_metadata" ("key" varchar NOT NULL PRIMARY KEY, "value" varchar, "created_at" datetime(6) NOT NULL, "updated_at" datetime(6) NOT NULL)[0m
  [1m[36mActiveRecord::InternalMetadata Load (0.1ms)[0m  [1m[34mSELECT "ar_internal_metadata".* FROM "ar_internal_metadata" WHERE "ar_internal_metadata"."key" = ? LIMIT ?[0m  [["key", "environment"], ["LIMIT", 1]]
  [1m[35m (0.0ms)[0m  [1m[36mbegin transaction[0m
  [1m[36mActiveRecord::InternalMetadata Create (0.3ms)[0m  [1m[32mINSERT INTO "ar_internal_metadata" ("key", "value", "created_at", "updated_at") VALUES (?, ?, ?, ?)[0m  [["key", "environment"], ["value", "development"], ["created_at", "2020-06-08 15:00:30.195802"], ["updated_at", "2020-06-08 15:00:30.195802"]]
  [1m[35m (3.7ms)[0m  [1m[36mcommit transaction[0m
  [1m[36mActiveRecord::InternalMetadata Load (0.1ms)[0m  [1m[34mSELECT "ar_internal_metadata".* FROM "ar_internal_metadata" WHERE "ar_internal_metadata"."key" = ? LIMIT ?[0m  [["key", "environment"], ["LIMIT", 1]]
  [1m[36mActiveRecord::InternalMetadata Load (0.0ms)[0m  [1m[34mSELECT "ar_internal_metadata".* FROM "ar_internal_metadata" WHERE "ar_internal_metadata"."key" = ? LIMIT ?[0m  [["key", "schema_sha1"], ["LIMIT", 1]]
  [1m[35m (0.0ms)[0m  [1m[36mbegin transaction[0m
  [1m[36mActiveRecord::InternalMetadata Create (0.1ms)[0m  [1m[32mINSERT INTO "ar_internal_metadata" ("key", "value", "created_at", "updated_at") VALUES (?, ?, ?, ?)[0m  [["key", "schema_sha1"], ["value", "5fe43924a6fc249a040e842b96b98c92374292cc"], ["created_at", "2020-06-08 15:00:30.206597"], ["updated_at", "2020-06-08 15:00:30.206597"]]
  [1m[35m (4.1ms)[0m  [1m[36mcommit transaction[0m
  [1m[35m (0.0ms)[0m  [1m[34mSELECT sqlite_version(*)[0m
  [1m[35m (0.0ms)[0m  [1m[35mDROP TABLE IF EXISTS "followings"[0m
  [1m[35m (6.5ms)[0m  [1m[35mCREATE TABLE "followings" ("id" integer PRIMARY KEY AUTOINCREMENT NOT NULL, "follower_id" integer, "followed_id" integer, "created_at" datetime(6) NOT NULL, "updated_at" datetime(6) NOT NULL)[0m
  [1m[35m (0.1ms)[0m  [1m[35mDROP TABLE IF EXISTS "opinions"[0m
  [1m[35m (7.5ms)[0m  [1m[35mCREATE TABLE "opinions" ("id" integer PRIMARY KEY AUTOINCREMENT NOT NULL, "author_id" integer, "text" text, "created_at" datetime(6) NOT NULL, "updated_at" datetime(6) NOT NULL)[0m
  [1m[35m (0.1ms)[0m  [1m[35mDROP TABLE IF EXISTS "users"[0m
  [1m[35m (7.0ms)[0m  [1m[35mCREATE TABLE "users" ("id" integer PRIMARY KEY AUTOINCREMENT NOT NULL, "username" varchar, "fullname" varchar, "photo" varchar, "coverimage" varchar, "created_at" datetime(6) NOT NULL, "updated_at" datetime(6) NOT NULL)[0m
  [1m[35m (0.0ms)[0m  [1m[36mbegin transaction[0m
  [1m[35m (0.0ms)[0m  [1m[35mPRAGMA foreign_keys[0m
  [1m[35m (0.1ms)[0m  [1m[35mPRAGMA defer_foreign_keys[0m
  [1m[35m (0.1ms)[0m  [1m[35mPRAGMA defer_foreign_keys = ON[0m
  [1m[35m (0.1ms)[0m  [1m[35mPRAGMA foreign_keys = OFF[0m
  [1m[35m (0.1ms)[0m  [1m[35mCREATE TEMPORARY TABLE "afollowings" ("id" integer NOT NULL PRIMARY KEY, "follower_id" integer DEFAULT NULL, "followed_id" integer DEFAULT NULL, "created_at" datetime(6) NOT NULL, "updated_at" datetime(6) NOT NULL)[0m
  [1m[35m (0.0ms)[0m  [1m[32mINSERT INTO "afollowings" ("id","follower_id","followed_id","created_at","updated_at")
                     SELECT "id","follower_id","followed_id","created_at","updated_at" FROM "followings"[0m
  [1m[35m (0.1ms)[0m  [1m[35mDROP TABLE "followings"[0m
  [1m[35m (0.1ms)[0m  [1m[35mCREATE TABLE "followings" ("id" integer NOT NULL PRIMARY KEY, "follower_id" integer DEFAULT NULL, "followed_id" integer DEFAULT NULL, "created_at" datetime(6) NOT NULL, "updated_at" datetime(6) NOT NULL, CONSTRAINT "fk_rails_a56ad8ead3"
FOREIGN KEY ("followed_id")
  REFERENCES "users" ("id")
)[0m
  [1m[35m (0.6ms)[0m  [1m[32mINSERT INTO "followings" ("id","follower_id","followed_id","created_at","updated_at")
                     SELECT "id","follower_id","followed_id","created_at","updated_at" FROM "afollowings"[0m
  [1m[35m (0.2ms)[0m  [1m[35mDROP TABLE "afollowings"[0m
  [1m[35m (0.0ms)[0m  [1m[35mPRAGMA defer_foreign_keys = 0[0m
  [1m[35m (0.0ms)[0m  [1m[35mPRAGMA foreign_keys = 1[0m
  [1m[35m (3.9ms)[0m  [1m[36mcommit transaction[0m
  [1m[35m (0.0ms)[0m  [1m[36mbegin transaction[0m
  [1m[35m (0.0ms)[0m  [1m[35mPRAGMA foreign_keys[0m
  [1m[35m (0.0ms)[0m  [1m[35mPRAGMA defer_foreign_keys[0m
  [1m[35m (0.0ms)[0m  [1m[35mPRAGMA defer_foreign_keys = ON[0m
  [1m[35m (0.0ms)[0m  [1m[35mPRAGMA foreign_keys = OFF[0m
  [1m[35m (0.1ms)[0m  [1m[35mCREATE TEMPORARY TABLE "afollowings" ("id" integer NOT NULL PRIMARY KEY, "follower_id" integer DEFAULT NULL, "followed_id" integer DEFAULT NULL, "created_at" datetime(6) NOT NULL, "updated_at" datetime(6) NOT NULL)[0m
  [1m[35m (0.0ms)[0m  [1m[32mINSERT INTO "afollowings" ("id","follower_id","followed_id","created_at","updated_at")
                     SELECT "id","follower_id","followed_id","created_at","updated_at" FROM "followings"[0m
  [1m[35m (0.1ms)[0m  [1m[35mDROP TABLE "followings"[0m
  [1m[35m (0.2ms)[0m  [1m[35mCREATE TABLE "followings" ("id" integer NOT NULL PRIMARY KEY, "follower_id" integer DEFAULT NULL, "followed_id" integer DEFAULT NULL, "created_at" datetime(6) NOT NULL, "updated_at" datetime(6) NOT NULL, CONSTRAINT "fk_rails_a56ad8ead3"
FOREIGN KEY ("followed_id")
  REFERENCES "users" ("id")
, CONSTRAINT "fk_rails_1668ccdb36"
FOREIGN KEY ("follower_id")
  REFERENCES "users" ("id")
)[0m
  [1m[35m (0.1ms)[0m  [1m[32mINSERT INTO "followings" ("id","follower_id","followed_id","created_at","updated_at")
                     SELECT "id","follower_id","followed_id","created_at","updated_at" FROM "afollowings"[0m
  [1m[35m (0.1ms)[0m  [1m[35mDROP TABLE "afollowings"[0m
  [1m[35m (0.0ms)[0m  [1m[35mPRAGMA defer_foreign_keys = 0[0m
  [1m[35m (0.0ms)[0m  [1m[35mPRAGMA foreign_keys = 1[0m
  [1m[35m (3.9ms)[0m  [1m[36mcommit transaction[0m
  [1m[35m (0.0ms)[0m  [1m[36mbegin transaction[0m
  [1m[35m (0.0ms)[0m  [1m[35mPRAGMA foreign_keys[0m
  [1m[35m (0.0ms)[0m  [1m[35mPRAGMA defer_foreign_keys[0m
  [1m[35m (0.0ms)[0m  [1m[35mPRAGMA defer_foreign_keys = ON[0m
  [1m[35m (0.0ms)[0m  [1m[35mPRAGMA foreign_keys = OFF[0m
  [1m[35m (0.1ms)[0m  [1m[35mCREATE TEMPORARY TABLE "aopinions" ("id" integer NOT NULL PRIMARY KEY, "author_id" integer DEFAULT NULL, "text" text DEFAULT NULL, "created_at" datetime(6) NOT NULL, "updated_at" datetime(6) NOT NULL)[0m
  [1m[35m (0.0ms)[0m  [1m[32mINSERT INTO "aopinions" ("id","author_id","text","created_at","updated_at")
                     SELECT "id","author_id","text","created_at","updated_at" FROM "opinions"[0m
  [1m[35m (0.2ms)[0m  [1m[35mDROP TABLE "opinions"[0m
  [1m[35m (0.1ms)[0m  [1m[35mCREATE TABLE "opinions" ("id" integer NOT NULL PRIMARY KEY, "author_id" integer DEFAULT NULL, "text" text DEFAULT NULL, "created_at" datetime(6) NOT NULL, "updated_at" datetime(6) NOT NULL, CONSTRAINT "fk_rails_29826e2ec0"
FOREIGN KEY ("author_id")
  REFERENCES "users" ("id")
)[0m
  [1m[35m (0.1ms)[0m  [1m[32mINSERT INTO "opinions" ("id","author_id","text","created_at","updated_at")
                     SELECT "id","author_id","text","created_at","updated_at" FROM "aopinions"[0m
  [1m[35m (0.1ms)[0m  [1m[35mDROP TABLE "aopinions"[0m
  [1m[35m (0.0ms)[0m  [1m[35mPRAGMA defer_foreign_keys = 0[0m
  [1m[35m (0.0ms)[0m  [1m[35mPRAGMA foreign_keys = 1[0m
  [1m[35m (3.6ms)[0m  [1m[36mcommit transaction[0m
  [1m[35m (5.0ms)[0m  [1m[35mCREATE TABLE "schema_migrations" ("version" varchar NOT NULL PRIMARY KEY)[0m
  [1m[35m (0.1ms)[0m  [1m[34mSELECT "schema_migrations"."version" FROM "schema_migrations" ORDER BY "schema_migrations"."version" ASC[0m
  [1m[35m (6.3ms)[0m  [1m[32mINSERT INTO "schema_migrations" (version) VALUES (20200608145453)[0m
  [1m[35m (5.8ms)[0m  [1m[32mINSERT INTO "schema_migrations" (version) VALUES
(20200608142314),
(20200608144921);

[0m
  [1m[35m (6.8ms)[0m  [1m[35mCREATE TABLE "ar_internal_metadata" ("key" varchar NOT NULL PRIMARY KEY, "value" varchar, "created_at" datetime(6) NOT NULL, "updated_at" datetime(6) NOT NULL)[0m
  [1m[36mActiveRecord::InternalMetadata Load (0.1ms)[0m  [1m[34mSELECT "ar_internal_metadata".* FROM "ar_internal_metadata" WHERE "ar_internal_metadata"."key" = ? LIMIT ?[0m  [["key", "environment"], ["LIMIT", 1]]
  [1m[35m (0.0ms)[0m  [1m[36mbegin transaction[0m
  [1m[36mActiveRecord::InternalMetadata Create (0.1ms)[0m  [1m[32mINSERT INTO "ar_internal_metadata" ("key", "value", "created_at", "updated_at") VALUES (?, ?, ?, ?)[0m  [["key", "environment"], ["value", "development"], ["created_at", "2020-06-08 15:00:30.338680"], ["updated_at", "2020-06-08 15:00:30.338680"]]
  [1m[35m (3.9ms)[0m  [1m[36mcommit transaction[0m
  [1m[36mActiveRecord::InternalMetadata Load (0.1ms)[0m  [1m[34mSELECT "ar_internal_metadata".* FROM "ar_internal_metadata" WHERE "ar_internal_metadata"."key" = ? LIMIT ?[0m  [["key", "environment"], ["LIMIT", 1]]
  [1m[35m (0.1ms)[0m  [1m[36mbegin transaction[0m
  [1m[36mActiveRecord::InternalMetadata Update (0.2ms)[0m  [1m[33mUPDATE "ar_internal_metadata" SET "value" = ?, "updated_at" = ? WHERE "ar_internal_metadata"."key" = ?[0m  [["value", "test"], ["updated_at", "2020-06-08 15:00:30.348846"], ["key", "environment"]]
  [1m[35m (3.7ms)[0m  [1m[36mcommit transaction[0m
  [1m[36mActiveRecord::InternalMetadata Load (0.1ms)[0m  [1m[34mSELECT "ar_internal_metadata".* FROM "ar_internal_metadata" WHERE "ar_internal_metadata"."key" = ? LIMIT ?[0m  [["key", "schema_sha1"], ["LIMIT", 1]]
  [1m[35m (0.1ms)[0m  [1m[36mbegin transaction[0m
  [1m[36mActiveRecord::InternalMetadata Create (0.2ms)[0m  [1m[32mINSERT INTO "ar_internal_metadata" ("key", "value", "created_at", "updated_at") VALUES (?, ?, ?, ?)[0m  [["key", "schema_sha1"], ["value", "5fe43924a6fc249a040e842b96b98c92374292cc"], ["created_at", "2020-06-08 15:00:30.359109"], ["updated_at", "2020-06-08 15:00:30.359109"]]
  [1m[35m (5.4ms)[0m  [1m[36mcommit transaction[0m
  [1m[35m (0.0ms)[0m  [1m[34mSELECT sqlite_version(*)[0m
  [1m[35m (0.1ms)[0m  [1m[34mSELECT "schema_migrations"."version" FROM "schema_migrations" ORDER BY "schema_migrations"."version" ASC[0m
  [1m[35m (0.0ms)[0m  [1m[34mSELECT sqlite_version(*)[0m
  [1m[35m (0.0ms)[0m  [1m[36mbegin transaction[0m
  [1m[36mUser Create (0.2ms)[0m  [1m[32mINSERT INTO "users" ("username", "created_at", "updated_at") VALUES (?, ?, ?)[0m  [["username", "Einstein"], ["created_at", "2020-06-08 15:00:30.381141"], ["updated_at", "2020-06-08 15:00:30.381141"]]
  [1m[35m (3.5ms)[0m  [1m[36mcommit transaction[0m
  [1m[35m (0.0ms)[0m  [1m[36mbegin transaction[0m
  [1m[36mOpinion Create (0.2ms)[0m  [1m[32mINSERT INTO "opinions" ("author_id", "text", "created_at", "updated_at") VALUES (?, ?, ?, ?)[0m  [["author_id", 1], ["text", "Hi, I am Einstein"], ["created_at", "2020-06-08 15:00:30.393568"], ["updated_at", "2020-06-08 15:00:30.393568"]]
  [1m[35m (3.4ms)[0m  [1m[36mcommit transaction[0m
  [1m[35m (0.0ms)[0m  [1m[36mbegin transaction[0m
  [1m[36mUser Create (0.2ms)[0m  [1m[32mINSERT INTO "users" ("username", "created_at", "updated_at") VALUES (?, ?, ?)[0m  [["username", "Newton"], ["created_at", "2020-06-08 15:00:30.401171"], ["updated_at", "2020-06-08 15:00:30.401171"]]
  [1m[35m (5.1ms)[0m  [1m[36mcommit transaction[0m
  [1m[35m (0.1ms)[0m  [1m[36mbegin transaction[0m
  [1m[36mOpinion Create (0.3ms)[0m  [1m[32mINSERT INTO "opinions" ("author_id", "text", "created_at", "updated_at") VALUES (?, ?, ?, ?)[0m  [["author_id", 2], ["text", "Hi, I am Newton"], ["created_at", "2020-06-08 15:00:30.409716"], ["updated_at", "2020-06-08 15:00:30.409716"]]
  [1m[35m (5.7ms)[0m  [1m[36mcommit transaction[0m
  [1m[35m (0.0ms)[0m  [1m[36mbegin transaction[0m
  [1m[36mUser Create (0.2ms)[0m  [1m[32mINSERT INTO "users" ("username", "created_at", "updated_at") VALUES (?, ?, ?)[0m  [["username", "Tesla"], ["created_at", "2020-06-08 15:00:30.420669"], ["updated_at", "2020-06-08 15:00:30.420669"]]
  [1m[35m (4.0ms)[0m  [1m[36mcommit transaction[0m
  [1m[35m (0.1ms)[0m  [1m[36mbegin transaction[0m
  [1m[36mOpinion Create (0.4ms)[0m  [1m[32mINSERT INTO "opinions" ("author_id", "text", "created_at", "updated_at") VALUES (?, ?, ?, ?)[0m  [["author_id", 3], ["text", "Hi, I am Tesla"], ["created_at", "2020-06-08 15:00:30.428952"], ["updated_at", "2020-06-08 15:00:30.428952"]]
  [1m[35m (3.9ms)[0m  [1m[36mcommit transaction[0m
  [1m[35m (0.0ms)[0m  [1m[36mbegin transaction[0m
  [1m[36mUser Create (0.2ms)[0m  [1m[32mINSERT INTO "users" ("username", "created_at", "updated_at") VALUES (?, ?, ?)[0m  [["username", "Edison"], ["created_at", "2020-06-08 15:00:30.437982"], ["updated_at", "2020-06-08 15:00:30.437982"]]
  [1m[35m (3.5ms)[0m  [1m[36mcommit transaction[0m
  [1m[35m (0.1ms)[0m  [1m[36mbegin transaction[0m
  [1m[36mOpinion Create (0.3ms)[0m  [1m[32mINSERT INTO "opinions" ("author_id", "text", "created_at", "updated_at") VALUES (?, ?, ?, ?)[0m  [["author_id", 4], ["text", "Hi, I am Edison"], ["created_at", "2020-06-08 15:00:30.444986"], ["updated_at", "2020-06-08 15:00:30.444986"]]
  [1m[35m (3.9ms)[0m  [1m[36mcommit transaction[0m
  [1m[35m (0.1ms)[0m  [1m[36mbegin transaction[0m
  [1m[36mUser Create (0.2ms)[0m  [1m[32mINSERT INTO "users" ("username", "created_at", "updated_at") VALUES (?, ?, ?)[0m  [["username", "Mendeleyev"], ["created_at", "2020-06-08 15:00:30.454091"], ["updated_at", "2020-06-08 15:00:30.454091"]]
  [1m[35m (4.2ms)[0m  [1m[36mcommit transaction[0m
  [1m[35m (0.1ms)[0m  [1m[36mbegin transaction[0m
  [1m[36mOpinion Create (0.3ms)[0m  [1m[32mINSERT INTO "opinions" ("author_id", "text", "created_at", "updated_at") VALUES (?, ?, ?, ?)[0m  [["author_id", 5], ["text", "Hi, I am Mendeleyev"], ["created_at", "2020-06-08 15:00:30.461583"], ["updated_at", "2020-06-08 15:00:30.461583"]]
  [1m[35m (3.8ms)[0m  [1m[36mcommit transaction[0m
  [1m[35m (0.1ms)[0m  [1m[36mbegin transaction[0m
  [1m[36mFollowing Create (0.2ms)[0m  [1m[32mINSERT INTO "followings" ("follower_id", "followed_id", "created_at", "updated_at") VALUES (?, ?, ?, ?)[0m  [["follower_id", 1], ["followed_id", 2], ["created_at", "2020-06-08 15:00:30.474017"], ["updated_at", "2020-06-08 15:00:30.474017"]]
  [1m[35m (4.2ms)[0m  [1m[36mcommit transaction[0m
  [1m[35m (0.0ms)[0m  [1m[36mbegin transaction[0m
  [1m[36mFollowing Create (0.1ms)[0m  [1m[32mINSERT INTO "followings" ("follower_id", "followed_id", "created_at", "updated_at") VALUES (?, ?, ?, ?)[0m  [["follower_id", 1], ["followed_id", 3], ["created_at", "2020-06-08 15:00:30.485012"], ["updated_at", "2020-06-08 15:00:30.485012"]]
  [1m[35m (4.1ms)[0m  [1m[36mcommit transaction[0m
  [1m[35m (0.0ms)[0m  [1m[36mbegin transaction[0m
  [1m[36mFollowing Create (0.2ms)[0m  [1m[32mINSERT INTO "followings" ("follower_id", "followed_id", "created_at", "updated_at") VALUES (?, ?, ?, ?)[0m  [["follower_id", 1], ["followed_id", 4], ["created_at", "2020-06-08 15:00:30.493279"], ["updated_at", "2020-06-08 15:00:30.493279"]]
  [1m[35m (5.2ms)[0m  [1m[36mcommit transaction[0m
  [1m[35m (0.0ms)[0m  [1m[36mbegin transaction[0m
  [1m[36mFollowing Create (0.1ms)[0m  [1m[32mINSERT INTO "followings" ("follower_id", "followed_id", "created_at", "updated_at") VALUES (?, ?, ?, ?)[0m  [["follower_id", 1], ["followed_id", 5], ["created_at", "2020-06-08 15:00:30.504565"], ["updated_at", "2020-06-08 15:00:30.504565"]]
  [1m[35m (3.7ms)[0m  [1m[36mcommit transaction[0m
  [1m[35m (0.0ms)[0m  [1m[34mSELECT sqlite_version(*)[0m
  [1m[35m (0.1ms)[0m  [1m[34mSELECT "followings"."follower_id", "followings"."followed_id" FROM "followings"[0m
  [1m[35m (0.2ms)[0m  [1m[34mSELECT sqlite_version(*)[0m
  [1m[35m (0.1ms)[0m  [1m[34mSELECT "schema_migrations"."version" FROM "schema_migrations" ORDER BY "schema_migrations"."version" ASC[0m
Migrating to CreatePhotos (20200608150902)
  [1m[35m (0.0ms)[0m  [1m[36mbegin transaction[0m
  [1m[35m (0.2ms)[0m  [1m[35mCREATE TABLE "photos" ("id" integer PRIMARY KEY AUTOINCREMENT NOT NULL, "image_file_name" varchar, "image_content_type" varchar, "image_file_size" integer, "image_updated_at" datetime, "user_id" integer, "created_at" datetime(6) NOT NULL, "updated_at" datetime(6) NOT NULL)[0m
  [1m[35m (0.0ms)[0m  [1m[35mPRAGMA foreign_keys[0m
  [1m[35m (0.1ms)[0m  [1m[35mPRAGMA defer_foreign_keys[0m
  [1m[35m (0.0ms)[0m  [1m[35mPRAGMA defer_foreign_keys = ON[0m
  [1m[35m (0.0ms)[0m  [1m[35mPRAGMA foreign_keys = OFF[0m
  [1m[35m (0.2ms)[0m  [1m[35mCREATE TEMPORARY TABLE "aphotos" ("id" integer NOT NULL PRIMARY KEY, "image_file_name" varchar DEFAULT NULL, "image_content_type" varchar DEFAULT NULL, "image_file_size" integer DEFAULT NULL, "image_updated_at" datetime DEFAULT NULL, "user_id" integer DEFAULT NULL, "created_at" datetime(6) NOT NULL, "updated_at" datetime(6) NOT NULL)[0m
  [1m[35m (0.1ms)[0m  [1m[32mINSERT INTO "aphotos" ("id","image_file_name","image_content_type","image_file_size","image_updated_at","user_id","created_at","updated_at")
                     SELECT "id","image_file_name","image_content_type","image_file_size","image_updated_at","user_id","created_at","updated_at" FROM "photos"[0m
  [1m[35m (0.2ms)[0m  [1m[35mDROP TABLE "photos"[0m
  [1m[35m (0.3ms)[0m  [1m[35mCREATE TABLE "photos" ("id" integer NOT NULL PRIMARY KEY, "image_file_name" varchar DEFAULT NULL, "image_content_type" varchar DEFAULT NULL, "image_file_size" integer DEFAULT NULL, "image_updated_at" datetime DEFAULT NULL, "user_id" integer DEFAULT NULL, "created_at" datetime(6) NOT NULL, "updated_at" datetime(6) NOT NULL, CONSTRAINT "fk_rails_c79d76afc0"
FOREIGN KEY ("user_id")
  REFERENCES "users" ("id")
)[0m
  [1m[35m (0.1ms)[0m  [1m[32mINSERT INTO "photos" ("id","image_file_name","image_content_type","image_file_size","image_updated_at","user_id","created_at","updated_at")
                     SELECT "id","image_file_name","image_content_type","image_file_size","image_updated_at","user_id","created_at","updated_at" FROM "aphotos"[0m
  [1m[35m (0.1ms)[0m  [1m[35mDROP TABLE "aphotos"[0m
  [1m[35m (0.0ms)[0m  [1m[35mPRAGMA defer_foreign_keys = 0[0m
  [1m[35m (0.0ms)[0m  [1m[35mPRAGMA foreign_keys = 1[0m
  [1m[36mprimary::SchemaMigration Create (0.1ms)[0m  [1m[32mINSERT INTO "schema_migrations" ("version") VALUES (?)[0m  [["version", "20200608150902"]]
  [1m[35m (5.4ms)[0m  [1m[36mcommit transaction[0m
  [1m[36mActiveRecord::InternalMetadata Load (0.1ms)[0m  [1m[34mSELECT "ar_internal_metadata".* FROM "ar_internal_metadata" WHERE "ar_internal_metadata"."key" = ? LIMIT ?[0m  [["key", "environment"], ["LIMIT", 1]]
  [1m[35m (0.0ms)[0m  [1m[34mSELECT sqlite_version(*)[0m
  [1m[35m (0.1ms)[0m  [1m[34mSELECT "schema_migrations"."version" FROM "schema_migrations" ORDER BY "schema_migrations"."version" ASC[0m
